<?xml version="1.1" encoding="UTF-8"?>
<testsuite name="com.keimi.okamoto.app.items.MeetingTest" tests="4" failures="0" errors="0" timestamp="2014-03-02T16:08:48" hostname="keimis-air.home" time="0.005">
  <properties/>
  <testcase name="shouldBeAbleToGetDate" classname="com.keimi.okamoto.app.items.MeetingTest" time="0.001"/>
  <testcase name="shouldBeAbleToGetContacts" classname="com.keimi.okamoto.app.items.MeetingTest" time="0.0"/>
  <testcase name="shouldBeAbleToGetMeetingId" classname="com.keimi.okamoto.app.items.MeetingTest" time="0.0"/>
  <testcase name="shouldOnlyBeAbleToCreateMeetingWithAtLeastOneContact" classname="com.keimi.okamoto.app.items.MeetingTest" time="0.001"/>
  <system-out><![CDATA[]]></system-out>
  <system-err><![CDATA[]]></system-err>
</testsuite>
