<?xml version="1.1" encoding="UTF-8"?>
<testsuite name="com.keimi.okamoto.app.items.PastMeetingTest" tests="1" failures="0" errors="0" timestamp="2014-03-02T16:08:48" hostname="keimis-air.home" time="0.001">
  <properties/>
  <testcase name="shouldBeAbleToGetNotesEvenIfEmpty" classname="com.keimi.okamoto.app.items.PastMeetingTest" time="0.001"/>
  <system-out><![CDATA[]]></system-out>
  <system-err><![CDATA[]]></system-err>
</testsuite>
