<?xml version="1.1" encoding="UTF-8"?>
<testsuite name="com.keimi.okamoto.app.items.ContactTest" tests="4" failures="0" errors="0" timestamp="2014-03-02T16:08:48" hostname="keimis-air.home" time="0.003">
  <properties/>
  <testcase name="shouldBeAbleToGetNotesIfContactHasNotes" classname="com.keimi.okamoto.app.items.ContactTest" time="0.001"/>
  <testcase name="shouldBeAbleToGetId" classname="com.keimi.okamoto.app.items.ContactTest" time="0.0"/>
  <testcase name="shouldBeAbleToGetName" classname="com.keimi.okamoto.app.items.ContactTest" time="0.001"/>
  <testcase name="shouldBeAbleToGetEmptyStringIfContactHasNoNotes" classname="com.keimi.okamoto.app.items.ContactTest" time="0.0"/>
  <system-out><![CDATA[]]></system-out>
  <system-err><![CDATA[]]></system-err>
</testsuite>
